[ERROR] 2020-03-11 00:03:00.985 tariffs:32 - 21 : 40 - cvc-enumeration-valid: Value '' is not facet-valid with respect to enumeration '[Kyivstar, Lifecell, Vodafon, Intertelecom, 3Mob]'. It must be a value from the enumeration.
[ERROR] 2020-03-11 00:03:01.026 tariffs:32 - 21 : 40 - cvc-type.3.1.3: The value '' of element 'operator_name' is not valid.
[ERROR] 2020-03-11 00:37:16.147 TariffsStAXBuilder:56 - StAX parsing error! Unknown element in tag call_prices
[ERROR] 2020-03-11 00:40:25.434 TariffsStAXBuilder:56 - StAX parsing error! Unknown element in tag call_prices
[ERROR] 2020-03-11 00:41:33.471 TariffsStAXBuilder:57 - StAX parsing error! Unknown element in tag call_prices
[ERROR] 2020-03-11 00:42:07.744 TariffsStAXBuilder:57 - StAX parsing error! Unknown element in tag call_prices
[ERROR] 2020-03-11 00:43:10.498 TariffsStAXBuilder:57 - StAX parsing error! Unknown element in tag call_prices
[ERROR] 2020-03-11 00:44:06.005 TariffsStAXBuilder:57 - StAX parsing error! Unknown element in tag call_prices
[ERROR] 2020-03-11 01:33:12.508 TariffValidator:22 - Invalid tariffnull
[ERROR] 2020-03-11 01:34:58.099 TariffValidator:22 - Invalid tariffnull
[ERROR] 2020-03-11 01:35:18.304 TariffValidator:22 - Invalid tariffnullInvalid tariffnull
[ERROR] 2020-03-11 01:35:47.398 TariffValidator:22 - Invalid tariffnull
[ERROR] 2020-03-11 01:39:12.828 TariffValidator:22 - Invalid LOL
[ERROR] 2020-03-11 02:36:53.164 TariffValidator:23 - Invalid tariff class structure.
[ERROR] 2020-03-11 02:39:23.744 TariffValidator:23 - Invalid tariff class structure.
[ERROR] 2020-03-11 02:40:08.009 TariffValidator:23 - Invalid tariff class structure.
[ERROR] 2020-03-11 02:41:02.020 TariffValidator:23 - Invalid tariff class structure.
[ERROR] 2020-03-11 02:41:18.226 TariffValidator:24 - Invalid tariff class structure.
[ERROR] 2020-03-11 02:41:52.393 TariffValidator:24 - Invalid tariff class structure.
[ERROR] 2020-03-11 02:42:21.737 TariffValidator:24 - Invalid tariff class structure.
[ERROR] 2020-03-11 05:08:25.619 TariffValidator:34 - Invalid favouriteNumbers parameter
[ERROR] 2020-03-11 05:08:58.821 TariffValidator:34 - Invalid favouriteNumbers parameter
[ERROR] 2020-03-11 05:09:27.039 TariffValidator:34 - Invalid favouriteNumbers parameter
[ERROR] 2020-03-11 05:10:48.533 TariffValidator:34 - Invalid tariffing parameter
[ERROR] 2020-03-11 05:11:44.065 TariffValidator:34 - Invalid tariffing parameter
[ERROR] 2020-03-11 05:12:08.660 TariffValidator:34 - Invalid tariffing parameter
[ERROR] 2020-03-11 05:21:23.605 TariffValidator:34 - Invalid tariffing parameter
[ERROR] 2020-03-11 05:23:07.051 TariffValidator:34 - Invalid tariffConnectionFee parameter
[ERROR] 2020-03-11 05:29:24.486 tariffs:32 - 13 : 66 - cvc-enumeration-valid: Value '80 UAH' is not facet-valid with respect to enumeration '[0 UAH, 30 UAH, 60 UAH, 90 UAH]'. It must be a value from the enumeration.
[ERROR] 2020-03-11 05:29:24.491 tariffs:32 - 13 : 66 - cvc-type.3.1.3: The value '80 UAH' of element 'tariff_connection_fee' is not valid.
[ERROR] 2020-03-11 05:31:45.811 HTMLTransformer:31 - Impossible transform file : resources/tariffs.xmljavax.xml.transform.TransformerConfigurationException: E:\Programming\Projects\JavaExternal\MobileTariffs\resources\go.xsl (Не удается найти указанный файл)
[ERROR] 2020-03-11 05:32:06.426 HTMLTransformer:31 - Impossible transform file : resources/tariffs.xmljavax.xml.transform.TransformerConfigurationException: E:\Programming\Projects\JavaExternal\MobileTariffs\resources\fo.xsl (Не удается найти указанный файл)
[ERROR] 2020-03-11 05:42:58.830 TariffValidator:34 - Invalid outsideNetwork price.
[ERROR] 2020-03-11 05:44:00.927 TariffValidator:34 - Invalid outsideNetwork price.
[ERROR] 2020-03-11 05:57:07.034 TariffValidator:34 - Invalid tariff operator name.
[ERROR] 2020-03-11 06:00:29.751 TariffValidator:34 - Invalid tariff operator name.
[ERROR] 2020-03-11 06:00:54.267 TariffValidator:34 - Invalid outsideNetwork price.
[ERROR] 2020-03-11 06:01:11.620 TariffValidator:34 - Invalid outsideNetwork price.
[ERROR] 2020-03-11 06:02:00.271 TariffValidator:34 - Invalid outsideNetwork price.
[ERROR] 2020-03-11 14:10:15.713 ValidatorSAXXSD:38 - d is not valid.schema_reference.4: Failed to read schema document 'file:/E:/Programming/Projects/JavaExternal/MobileTariffs/d', because 1) could not find the document; 2) the document could not be read; 3) the root element of the document is not <xsd:schema>.
[ERROR] 2020-03-11 14:17:02.654 TariffsStAXBuilder:63 - File resources/tariff.xml not found! java.io.FileNotFoundException: resources\tariff.xml (Не удается найти указанный файл)
[ERROR] 2020-03-11 16:35:39.955 TariffObjectsValidator:42 - Invalid outsideNetwork price.
